   Γû▓ Next.js 16.0.10 (Turbopack)

   Creating an optimized production build ...
node.exe : 
At C:\Program 
Files\nodejs\npx.ps1:29 
char:3
+   & $NODE_EXE $NPX_CLI_JS 
$args
+   
~~~~~~~~~~~~~~~~~~~~~~~~~~~~~
    + CategoryInfo           
   : NotSpecified: (:String  
  ) [], RemoteException
    + FullyQualifiedErrorId  
   : NativeCommandError
 
> Build error occurred
Error: Turbopack build 
failed with 3 errors:
./pages/demo/blog/[filename].
tsx:8:1
Module not found: Can't 
resolve '../../../tina/__gene
rated__/client'
[0m [90m  6 |[39m 
[36mimport[39m { useTina } 
[36mfrom[39m [32m'tinacms/
dist/react'[39m
 [90m  7 |[39m 
[36mimport[39m { 
[33mTinaMarkdown[39m } 
[36mfrom[39m [32m'tinacms/
dist/rich-text'[39m
[31m[1m>[22m[39m[90m  8 
|[39m [36mimport[39m 
client [36mfrom[39m [32m'.
./../../tina/__generated__/cl
ient'[39m
 [90m    |[39m [31m[1m^[
22m[39m[31m[1m^[22m[39m
[31m[1m^[22m[39m[31m[1m^
[22m[39m[31m[1m^[22m[39
m[31m[1m^[22m[39m[31m[1
m^[22m[39m[31m[1m^[22m[
39m[31m[1m^[22m[39m[31m
[1m^[22m[39m[31m[1m^[22m
[39m[31m[1m^[22m[39m[31
m[1m^[22m[39m[31m[1m^[2
2m[39m[31m[1m^[22m[39m[
31m[1m^[22m[39m[31m[1m^
[22m[39m[31m[1m^[22m[39m
[31m[1m^[22m[39m[31m[1m
^[22m[39m[31m[1m^[22m[3
9m[31m[1m^[22m[39m[31m[
1m^[22m[39m[31m[1m^[22m
[39m[31m[1m^[22m[39m[31m
[1m^[22m[39m[31m[1m^[22
m[39m[31m[1m^[22m[39m[3
1m[1m^[22m[39m[31m[1m^[
22m[39m[31m[1m^[22m[39m
[31m[1m^[22m[39m[31m[1m^
[22m[39m[31m[1m^[22m[39
m[31m[1m^[22m[39m[31m[1
m^[22m[39m[31m[1m^[22m[
39m[31m[1m^[22m[39m[31m
[1m^[22m[39m[31m[1m^[22m
[39m[31m[1m^[22m[39m[31
m[1m^[22m[39m[31m[1m^[2
2m[39m[31m[1m^[22m[39m[
31m[1m^[22m[39m[31m[1m^
[22m[39m[31m[1m^[22m[39m
[31m[1m^[22m[39m[31m[1m
^[22m[39m[31m[1m^[22m[3
9m[31m[1m^[22m[39m[31m[
1m^[22m[39m[31m[1m^[22m
[39m[31m[1m^[22m[39m[31m
[1m^[22m[39m
 [90m  9 |[39m
 [90m 10 |[39m 
[36mconst[39m 
[33mBlogPage[39m 
[33m=[39m (props) 
[33m=>[39m {
 [90m 11 |[39m   
[36mconst[39m { data } 
[33m=[39m useTina({[0m



https://nextjs.org/docs/messa
ges/module-not-found


./pages/demo/blog/[filename].
tsx:6:1
Module not found: Can't 
resolve 'tinacms/dist/react'
[0m [90m 4 |[39m
 [90m 5 |[39m 
[36mimport[39m 
[33mHead[39m 
[36mfrom[39m 
[32m'next/head'[39m
[31m[1m>[22m[39m[90m 6 
|[39m [36mimport[39m { 
useTina } [36mfrom[39m [32
m'tinacms/dist/react'[39m
 [90m   |[39m [31m[1m^[2
2m[39m[31m[1m^[22m[39m[
31m[1m^[22m[39m[31m[1m^
[22m[39m[31m[1m^[22m[39m
[31m[1m^[22m[39m[31m[1m
^[22m[39m[31m[1m^[22m[3
9m[31m[1m^[22m[39m[31m[
1m^[22m[39m[31m[1m^[22m
[39m[31m[1m^[22m[39m[31m
[1m^[22m[39m[31m[1m^[22
m[39m[31m[1m^[22m[39m[3
1m[1m^[22m[39m[31m[1m^[
22m[39m[31m[1m^[22m[39m
[31m[1m^[22m[39m[31m[1m^
[22m[39m[31m[1m^[22m[39
m[31m[1m^[22m[39m[31m[1
m^[22m[39m[31m[1m^[22m[
39m[31m[1m^[22m[39m[31m
[1m^[22m[39m[31m[1m^[22m
[39m[31m[1m^[22m[39m[31
m[1m^[22m[39m[31m[1m^[2
2m[39m[31m[1m^[22m[39m[
31m[1m^[22m[39m[31m[1m^
[22m[39m[31m[1m^[22m[39m
[31m[1m^[22m[39m[31m[1m
^[22m[39m[31m[1m^[22m[3
9m[31m[1m^[22m[39m[31m[
1m^[22m[39m[31m[1m^[22m
[39m[31m[1m^[22m[39m[31m
[1m^[22m[39m[31m[1m^[22
m[39m[31m[1m^[22m[39m
 [90m 7 |[39m 
[36mimport[39m { 
[33mTinaMarkdown[39m } 
[36mfrom[39m [32m'tinacms/
dist/rich-text'[39m
 [90m 8 |[39m 
[36mimport[39m client 
[36mfrom[39m [32m'../../..
/tina/__generated__/client'[
39m
 [90m 9 |[39m[0m



https://nextjs.org/docs/messa
ges/module-not-found


./pages/demo/blog/[filename].
tsx:7:1
Module not found: Can't 
resolve 
'tinacms/dist/rich-text'
[0m [90m  5 |[39m 
[36mimport[39m 
[33mHead[39m 
[36mfrom[39m 
[32m'next/head'[39m
 [90m  6 |[39m 
[36mimport[39m { useTina } 
[36mfrom[39m [32m'tinacms/
dist/react'[39m
[31m[1m>[22m[39m[90m  7 
|[39m [36mimport[39m { 
[33mTinaMarkdown[39m } 
[36mfrom[39m [32m'tinacms/
dist/rich-text'[39m
 [90m    |[39m [31m[1m^[
22m[39m[31m[1m^[22m[39m
[31m[1m^[22m[39m[31m[1m^
[22m[39m[31m[1m^[22m[39
m[31m[1m^[22m[39m[31m[1
m^[22m[39m[31m[1m^[22m[
39m[31m[1m^[22m[39m[31m
[1m^[22m[39m[31m[1m^[22m
[39m[31m[1m^[22m[39m[31
m[1m^[22m[39m[31m[1m^[2
2m[39m[31m[1m^[22m[39m[
31m[1m^[22m[39m[31m[1m^
[22m[39m[31m[1m^[22m[39m
[31m[1m^[22m[39m[31m[1m
^[22m[39m[31m[1m^[22m[3
9m[31m[1m^[22m[39m[31m[
1m^[22m[39m[31m[1m^[22m
[39m[31m[1m^[22m[39m[31m
[1m^[22m[39m[31m[1m^[22
m[39m[31m[1m^[22m[39m[3
1m[1m^[22m[39m[31m[1m^[
22m[39m[31m[1m^[22m[39m
[31m[1m^[22m[39m[31m[1m^
[22m[39m[31m[1m^[22m[39
m[31m[1m^[22m[39m[31m[1
m^[22m[39m[31m[1m^[22m[
39m[31m[1m^[22m[39m[31m
[1m^[22m[39m[31m[1m^[22m
[39m[31m[1m^[22m[39m[31
m[1m^[22m[39m[31m[1m^[2
2m[39m[31m[1m^[22m[39m[
31m[1m^[22m[39m[31m[1m^
[22m[39m[31m[1m^[22m[39m
[31m[1m^[22m[39m[31m[1m
^[22m[39m[31m[1m^[22m[3
9m[31m[1m^[22m[39m[31m[
1m^[22m[39m[31m[1m^[22m
[39m
 [90m  8 |[39m 
[36mimport[39m client 
[36mfrom[39m [32m'../../..
/tina/__generated__/client'[
39m
 [90m  9 |[39m
 [90m 10 |[39m 
[36mconst[39m 
[33mBlogPage[39m 
[33m=[39m (props) 
[33m=>[39m {[0m



https://nextjs.org/docs/messa
ges/module-not-found


    at <unknown> (./pages/dem
o/blog/[filename].tsx:8:1)
    at <unknown> (https://nex
tjs.org/docs/messages/module-
not-found)
    at <unknown> (./pages/dem
o/blog/[filename].tsx:6:1)
    at <unknown> (https://nex
tjs.org/docs/messages/module-
not-found)
    at <unknown> (./pages/dem
o/blog/[filename].tsx:7:1)
    at <unknown> (https://nex
tjs.org/docs/messages/module-
not-found)
